<?xml version="1.0" encoding="UTF-8"?>
<!-- Generated by org.testng.reporters.JUnitXMLReporter -->
<testsuite ignored="0" hostname="Tunga" failures="1" tests="1" name="Default test(failed)(failed)(failed)" time="0.06" errors="0" timestamp="2024-09-11T00:24:37 IST">
  <testcase classname="RestAssured.API_Automation.OAuthAccessToken" name="getDetails" time="0.01">
    <failure type="java.lang.Error" message="Unresolved compilation problem: 
	The method getLinkdin() is undefined for the type GetCourse
">
      <![CDATA[java.lang.Error: Unresolved compilation problem: 
The method getLinkdin() is undefined for the type GetCourse

at RestAssured.API_Automation.OAuthAccessToken.getDetails(OAuthAccessToken.java:38)
at java.base/java.util.ArrayList.forEach(ArrayList.java:1596)
... Removed 25 stack frames]]>
    </failure>
  </testcase> <!-- getDetails -->
</testsuite> <!-- Default test(failed)(failed)(failed) -->
