<?xml version="1.0" encoding="UTF-8"?>
<testng-results ignored="0" total="1" passed="1" failed="0" skipped="0">
  <reporter-output>
  </reporter-output>
  <suite started-at="2024-09-12T20:48:53 IST" name="Default suite" finished-at="2024-09-12T20:48:57 IST" duration-ms="3724">
    <groups>
    </groups>
    <test started-at="2024-09-12T20:48:53 IST" name="Default test" finished-at="2024-09-12T20:48:57 IST" duration-ms="3724">
      <class name="E2eApiAutomation.OrdersCURD">
        <test-method signature="Orders()[pri:0, instance:E2eApiAutomation.OrdersCURD@6b81ce95]" started-at="2024-09-12T20:48:53 IST" name="Orders" finished-at="2024-09-12T20:48:57 IST" duration-ms="3680" status="PASS">
          <reporter-output>
          </reporter-output>
        </test-method> <!-- Orders -->
      </class> <!-- E2eApiAutomation.OrdersCURD -->
    </test> <!-- Default test -->
  </suite> <!-- Default suite -->
</testng-results>
